[debug] [2020-08-02T02:32:59.408Z] ----------------------------------------------------------------------
[debug] [2020-08-02T02:32:59.409Z] Command:       /usr/local/Cellar/node/14.6.0/bin/node /Users/nestorfock/.npm-global/bin/firebase serve --only functions
[debug] [2020-08-02T02:32:59.410Z] CLI Version:   8.6.0
[debug] [2020-08-02T02:32:59.410Z] Platform:      darwin
[debug] [2020-08-02T02:32:59.410Z] Node Version:  v14.6.0
[debug] [2020-08-02T02:32:59.411Z] Time:          Sat Aug 01 2020 20:32:59 GMT-0600 (Central Standard Time)
[debug] [2020-08-02T02:32:59.411Z] ----------------------------------------------------------------------
[debug] [2020-08-02T02:32:59.411Z] 
[debug] [2020-08-02T02:32:59.419Z] > command requires scopes: ["email","openid","https://www.googleapis.com/auth/cloudplatformprojects.readonly","https://www.googleapis.com/auth/firebase","https://www.googleapis.com/auth/cloud-platform"]
[debug] [2020-08-02T02:32:59.420Z] > authorizing via signed-in user
[debug] [2020-08-02T02:32:59.420Z] [iam] checking project nxt-instagram for permissions ["firebase.projects.get"]
[debug] [2020-08-02T02:32:59.422Z] >>> HTTP REQUEST POST https://cloudresourcemanager.googleapis.com/v1/projects/nxt-instagram:testIamPermissions  
 {"permissions":["firebase.projects.get"]}
[debug] [2020-08-02T02:33:00.502Z] <<< HTTP RESPONSE 200 {"content-type":"application/json; charset=UTF-8","vary":"X-Origin, Referer, Origin,Accept-Encoding","date":"Sun, 02 Aug 2020 02:33:00 GMT","server":"ESF","cache-control":"private","x-xss-protection":"0","x-frame-options":"SAMEORIGIN","x-content-type-options":"nosniff","server-timing":"gfet4t7; dur=58","alt-svc":"h3-29=\":443\"; ma=2592000,h3-27=\":443\"; ma=2592000,h3-T050=\":443\"; ma=2592000,h3-Q050=\":443\"; ma=2592000,h3-Q046=\":443\"; ma=2592000,h3-Q043=\":443\"; ma=2592000,quic=\":443\"; ma=2592000; v=\"46,43\"","accept-ranges":"none","transfer-encoding":"chunked"}
[debug] [2020-08-02T02:33:00.504Z] >>> HTTP REQUEST GET https://firebase.googleapis.com/v1beta1/projects/nxt-instagram  
 
[debug] [2020-08-02T02:33:01.621Z] <<< HTTP RESPONSE 200 {"content-type":"application/json; charset=UTF-8","vary":"X-Origin, Referer, Origin,Accept-Encoding","date":"Sun, 02 Aug 2020 02:33:01 GMT","server":"ESF","cache-control":"private","x-xss-protection":"0","x-frame-options":"SAMEORIGIN","x-content-type-options":"nosniff","alt-svc":"h3-29=\":443\"; ma=2592000,h3-27=\":443\"; ma=2592000,h3-T050=\":443\"; ma=2592000,h3-Q050=\":443\"; ma=2592000,h3-Q046=\":443\"; ma=2592000,h3-Q043=\":443\"; ma=2592000,quic=\":443\"; ma=2592000; v=\"46,43\"","accept-ranges":"none","transfer-encoding":"chunked"}
[warn] ⚠  Your requested "node" version "10" doesn't match your global version "14" {"metadata":{"emulator":{"name":"functions"},"message":"Your requested \"node\" version \"10\" doesn't match your global version \"14\""}}
[info] i  functions: Watching "/Users/nestorfock/Dev/typescript/nxt-instagram/functions" for Cloud Functions... {"metadata":{"emulator":{"name":"functions"},"message":"Watching \"/Users/nestorfock/Dev/typescript/nxt-instagram/functions\" for Cloud Functions..."}}
[debug] [2020-08-02T02:33:01.652Z] [worker-pool] addWorker(~diagnostic~) {"metadata":{"emulator":{"name":"functions"},"message":"[worker-pool] addWorker(~diagnostic~)"}}
[debug] [2020-08-02T02:33:01.652Z] [worker-pool] Adding worker with key ~diagnostic~, total=1 {"metadata":{"emulator":{"name":"functions"},"message":"[worker-pool] Adding worker with key ~diagnostic~, total=1"}}
[debug] [2020-08-02T02:33:01.652Z] [worker-pool] submitWork(triggerId=) {"metadata":{"emulator":{"name":"functions"},"message":"[worker-pool] submitWork(triggerId=)"}}
[debug] [2020-08-02T02:33:01.653Z] [worker-~diagnostic~-a5233ffe-d376-4524-8beb-d7ac59cc9894]: Assigning socketPath: /tmp/fire_emu_725.sock {"metadata":{"emulator":{"name":"functions"},"message":"[worker-~diagnostic~-a5233ffe-d376-4524-8beb-d7ac59cc9894]: Assigning socketPath: /tmp/fire_emu_725.sock"}}
[debug] [2020-08-02T02:33:01.653Z] [worker-~diagnostic~-a5233ffe-d376-4524-8beb-d7ac59cc9894]: BUSY {"metadata":{"emulator":{"name":"functions"},"message":"[worker-~diagnostic~-a5233ffe-d376-4524-8beb-d7ac59cc9894]: BUSY"}}
[debug] [2020-08-02T02:33:01.875Z] [runtime-status] [725] Functions runtime initialized. {"cwd":"/Users/nestorfock/Dev/typescript/nxt-instagram/functions","node_version":"14.6.0"} {"metadata":{"emulator":{"name":"functions"},"message":"[runtime-status] [725] Functions runtime initialized. {\"cwd\":\"/Users/nestorfock/Dev/typescript/nxt-instagram/functions\",\"node_version\":\"14.6.0\"}"}}
[debug] [2020-08-02T02:33:01.875Z] [runtime-status] [725] Disabled runtime features: undefined {"metadata":{"emulator":{"name":"functions"},"message":"[runtime-status] [725] Disabled runtime features: undefined"}}
[debug] [2020-08-02T02:33:01.878Z] [runtime-status] [725] Resolved module firebase-admin {"declared":true,"installed":true,"version":"8.13.0","resolution":"/Users/nestorfock/Dev/typescript/nxt-instagram/functions/node_modules/firebase-admin/lib/index.js"} {"metadata":{"emulator":{"name":"functions"},"message":"[runtime-status] [725] Resolved module firebase-admin {\"declared\":true,\"installed\":true,\"version\":\"8.13.0\",\"resolution\":\"/Users/nestorfock/Dev/typescript/nxt-instagram/functions/node_modules/firebase-admin/lib/index.js\"}"}}
[debug] [2020-08-02T02:33:01.879Z] [runtime-status] [725] Resolved module firebase-functions {"declared":true,"installed":true,"version":"3.8.0","resolution":"/Users/nestorfock/Dev/typescript/nxt-instagram/functions/node_modules/firebase-functions/lib/index.js"} {"metadata":{"emulator":{"name":"functions"},"message":"[runtime-status] [725] Resolved module firebase-functions {\"declared\":true,\"installed\":true,\"version\":\"3.8.0\",\"resolution\":\"/Users/nestorfock/Dev/typescript/nxt-instagram/functions/node_modules/firebase-functions/lib/index.js\"}"}}
[debug] [2020-08-02T02:33:01.880Z] [runtime-status] [725] Resolved module firebase-functions {"declared":true,"installed":true,"version":"3.8.0","resolution":"/Users/nestorfock/Dev/typescript/nxt-instagram/functions/node_modules/firebase-functions/lib/index.js"} {"metadata":{"emulator":{"name":"functions"},"message":"[runtime-status] [725] Resolved module firebase-functions {\"declared\":true,\"installed\":true,\"version\":\"3.8.0\",\"resolution\":\"/Users/nestorfock/Dev/typescript/nxt-instagram/functions/node_modules/firebase-functions/lib/index.js\"}"}}
[debug] [2020-08-02T02:33:01.881Z] [runtime-status] [725] Outgoing network have been stubbed. [{"name":"http","status":"mocked"},{"name":"http","status":"mocked"},{"name":"https","status":"mocked"},{"name":"https","status":"mocked"},{"name":"net","status":"mocked"}] {"metadata":{"emulator":{"name":"functions"},"message":"[runtime-status] [725] Outgoing network have been stubbed. [{\"name\":\"http\",\"status\":\"mocked\"},{\"name\":\"http\",\"status\":\"mocked\"},{\"name\":\"https\",\"status\":\"mocked\"},{\"name\":\"https\",\"status\":\"mocked\"},{\"name\":\"net\",\"status\":\"mocked\"}]"}}
[debug] [2020-08-02T02:33:01.882Z] [runtime-status] [725] Resolved module firebase-functions {"declared":true,"installed":true,"version":"3.8.0","resolution":"/Users/nestorfock/Dev/typescript/nxt-instagram/functions/node_modules/firebase-functions/lib/index.js"} {"metadata":{"emulator":{"name":"functions"},"message":"[runtime-status] [725] Resolved module firebase-functions {\"declared\":true,\"installed\":true,\"version\":\"3.8.0\",\"resolution\":\"/Users/nestorfock/Dev/typescript/nxt-instagram/functions/node_modules/firebase-functions/lib/index.js\"}"}}
[debug] [2020-08-02T02:33:01.925Z] [runtime-status] [725] Checked functions.config() {"config":{}} {"metadata":{"emulator":{"name":"functions"},"message":"[runtime-status] [725] Checked functions.config() {\"config\":{}}"}}
[debug] [2020-08-02T02:33:01.925Z] [runtime-status] [725] firebase-functions has been stubbed. {"functionsResolution":{"declared":true,"installed":true,"version":"3.8.0","resolution":"/Users/nestorfock/Dev/typescript/nxt-instagram/functions/node_modules/firebase-functions/lib/index.js"}} {"metadata":{"emulator":{"name":"functions"},"message":"[runtime-status] [725] firebase-functions has been stubbed. {\"functionsResolution\":{\"declared\":true,\"installed\":true,\"version\":\"3.8.0\",\"resolution\":\"/Users/nestorfock/Dev/typescript/nxt-instagram/functions/node_modules/firebase-functions/lib/index.js\"}}"}}
[debug] [2020-08-02T02:33:01.926Z] [runtime-status] [725] Resolved module firebase-functions {"declared":true,"installed":true,"version":"3.8.0","resolution":"/Users/nestorfock/Dev/typescript/nxt-instagram/functions/node_modules/firebase-functions/lib/index.js"} {"metadata":{"emulator":{"name":"functions"},"message":"[runtime-status] [725] Resolved module firebase-functions {\"declared\":true,\"installed\":true,\"version\":\"3.8.0\",\"resolution\":\"/Users/nestorfock/Dev/typescript/nxt-instagram/functions/node_modules/firebase-functions/lib/index.js\"}"}}
[debug] [2020-08-02T02:33:01.926Z] [runtime-status] [725] Resolved module firebase-admin {"declared":true,"installed":true,"version":"8.13.0","resolution":"/Users/nestorfock/Dev/typescript/nxt-instagram/functions/node_modules/firebase-admin/lib/index.js"} {"metadata":{"emulator":{"name":"functions"},"message":"[runtime-status] [725] Resolved module firebase-admin {\"declared\":true,\"installed\":true,\"version\":\"8.13.0\",\"resolution\":\"/Users/nestorfock/Dev/typescript/nxt-instagram/functions/node_modules/firebase-admin/lib/index.js\"}"}}
[debug] [2020-08-02T02:33:01.927Z] [runtime-status] [725] Resolved module firebase-functions {"declared":true,"installed":true,"version":"3.8.0","resolution":"/Users/nestorfock/Dev/typescript/nxt-instagram/functions/node_modules/firebase-functions/lib/index.js"} {"metadata":{"emulator":{"name":"functions"},"message":"[runtime-status] [725] Resolved module firebase-functions {\"declared\":true,\"installed\":true,\"version\":\"3.8.0\",\"resolution\":\"/Users/nestorfock/Dev/typescript/nxt-instagram/functions/node_modules/firebase-functions/lib/index.js\"}"}}
[debug] [2020-08-02T02:33:01.927Z] [runtime-status] [725] firebase-admin has been stubbed. {"adminResolution":{"declared":true,"installed":true,"version":"8.13.0","resolution":"/Users/nestorfock/Dev/typescript/nxt-instagram/functions/node_modules/firebase-admin/lib/index.js"}} {"metadata":{"emulator":{"name":"functions"},"message":"[runtime-status] [725] firebase-admin has been stubbed. {\"adminResolution\":{\"declared\":true,\"installed\":true,\"version\":\"8.13.0\",\"resolution\":\"/Users/nestorfock/Dev/typescript/nxt-instagram/functions/node_modules/firebase-admin/lib/index.js\"}}"}}
[info] ✔  functions[helloWorld]: http function initialized (http://localhost:5000/nxt-instagram/us-central1/helloWorld). {"metadata":{"emulator":{"name":"functions"},"message":"\u001b[1mhttp\u001b[22m function initialized (http://localhost:5000/nxt-instagram/us-central1/helloWorld)."}}
[debug] [2020-08-02T02:33:01.929Z] [worker-~diagnostic~-a5233ffe-d376-4524-8beb-d7ac59cc9894]: IDLE {"metadata":{"emulator":{"name":"functions"},"message":"[worker-~diagnostic~-a5233ffe-d376-4524-8beb-d7ac59cc9894]: IDLE"}}
[debug] [2020-08-02T02:35:24.848Z] [work-queue] {"queueLength":1,"workRunningCount":0}
[debug] [2020-08-02T02:35:24.848Z] [work-queue] {"queueLength":0,"workRunningCount":1}
[debug] [2020-08-02T02:35:24.848Z] Accepted request GET /nxt-instagram/us-central1/helloWorld --> helloWorld
[debug] [2020-08-02T02:35:24.852Z] [worker-pool] addWorker(helloWorld) {"metadata":{"emulator":{"name":"functions"},"message":"[worker-pool] addWorker(helloWorld)"}}
[debug] [2020-08-02T02:35:24.853Z] [worker-pool] Adding worker with key helloWorld, total=1 {"metadata":{"emulator":{"name":"functions"},"message":"[worker-pool] Adding worker with key helloWorld, total=1"}}
[debug] [2020-08-02T02:35:24.853Z] [worker-pool] submitWork(triggerId=helloWorld) {"metadata":{"emulator":{"name":"functions"},"message":"[worker-pool] submitWork(triggerId=helloWorld)"}}
[debug] [2020-08-02T02:35:24.853Z] [worker-helloWorld-d092bdda-e899-4469-bffa-3fe470d8f7a9]: Assigning socketPath: /tmp/fire_emu_742.sock {"metadata":{"emulator":{"name":"functions"},"message":"[worker-helloWorld-d092bdda-e899-4469-bffa-3fe470d8f7a9]: Assigning socketPath: /tmp/fire_emu_742.sock"}}
[debug] [2020-08-02T02:35:24.853Z] [worker-helloWorld-d092bdda-e899-4469-bffa-3fe470d8f7a9]: BUSY {"metadata":{"emulator":{"name":"functions"},"message":"[worker-helloWorld-d092bdda-e899-4469-bffa-3fe470d8f7a9]: BUSY"}}
[debug] [2020-08-02T02:35:25.216Z] [runtime-status] [742] Functions runtime initialized. {"cwd":"/Users/nestorfock/Dev/typescript/nxt-instagram/functions","node_version":"14.6.0"} {"metadata":{"emulator":{"name":"functions"},"function":{"name":"helloWorld"},"message":"[runtime-status] [742] Functions runtime initialized. {\"cwd\":\"/Users/nestorfock/Dev/typescript/nxt-instagram/functions\",\"node_version\":\"14.6.0\"}"}}
[debug] [2020-08-02T02:35:25.217Z] [runtime-status] [742] Disabled runtime features: undefined {"metadata":{"emulator":{"name":"functions"},"function":{"name":"helloWorld"},"message":"[runtime-status] [742] Disabled runtime features: undefined"}}
[debug] [2020-08-02T02:35:25.222Z] [runtime-status] [742] Resolved module firebase-admin {"declared":true,"installed":true,"version":"8.13.0","resolution":"/Users/nestorfock/Dev/typescript/nxt-instagram/functions/node_modules/firebase-admin/lib/index.js"} {"metadata":{"emulator":{"name":"functions"},"function":{"name":"helloWorld"},"message":"[runtime-status] [742] Resolved module firebase-admin {\"declared\":true,\"installed\":true,\"version\":\"8.13.0\",\"resolution\":\"/Users/nestorfock/Dev/typescript/nxt-instagram/functions/node_modules/firebase-admin/lib/index.js\"}"}}
[debug] [2020-08-02T02:35:25.223Z] [runtime-status] [742] Resolved module firebase-functions {"declared":true,"installed":true,"version":"3.8.0","resolution":"/Users/nestorfock/Dev/typescript/nxt-instagram/functions/node_modules/firebase-functions/lib/index.js"} {"metadata":{"emulator":{"name":"functions"},"function":{"name":"helloWorld"},"message":"[runtime-status] [742] Resolved module firebase-functions {\"declared\":true,\"installed\":true,\"version\":\"3.8.0\",\"resolution\":\"/Users/nestorfock/Dev/typescript/nxt-instagram/functions/node_modules/firebase-functions/lib/index.js\"}"}}
[debug] [2020-08-02T02:35:25.224Z] [runtime-status] [742] Resolved module firebase-functions {"declared":true,"installed":true,"version":"3.8.0","resolution":"/Users/nestorfock/Dev/typescript/nxt-instagram/functions/node_modules/firebase-functions/lib/index.js"} {"metadata":{"emulator":{"name":"functions"},"function":{"name":"helloWorld"},"message":"[runtime-status] [742] Resolved module firebase-functions {\"declared\":true,\"installed\":true,\"version\":\"3.8.0\",\"resolution\":\"/Users/nestorfock/Dev/typescript/nxt-instagram/functions/node_modules/firebase-functions/lib/index.js\"}"}}
[debug] [2020-08-02T02:35:25.226Z] [runtime-status] [742] Outgoing network have been stubbed. [{"name":"http","status":"mocked"},{"name":"http","status":"mocked"},{"name":"https","status":"mocked"},{"name":"https","status":"mocked"},{"name":"net","status":"mocked"}] {"metadata":{"emulator":{"name":"functions"},"function":{"name":"helloWorld"},"message":"[runtime-status] [742] Outgoing network have been stubbed. [{\"name\":\"http\",\"status\":\"mocked\"},{\"name\":\"http\",\"status\":\"mocked\"},{\"name\":\"https\",\"status\":\"mocked\"},{\"name\":\"https\",\"status\":\"mocked\"},{\"name\":\"net\",\"status\":\"mocked\"}]"}}
[debug] [2020-08-02T02:35:25.226Z] [runtime-status] [742] Resolved module firebase-functions {"declared":true,"installed":true,"version":"3.8.0","resolution":"/Users/nestorfock/Dev/typescript/nxt-instagram/functions/node_modules/firebase-functions/lib/index.js"} {"metadata":{"emulator":{"name":"functions"},"function":{"name":"helloWorld"},"message":"[runtime-status] [742] Resolved module firebase-functions {\"declared\":true,\"installed\":true,\"version\":\"3.8.0\",\"resolution\":\"/Users/nestorfock/Dev/typescript/nxt-instagram/functions/node_modules/firebase-functions/lib/index.js\"}"}}
[debug] [2020-08-02T02:35:25.277Z] [runtime-status] [742] Checked functions.config() {"config":{}} {"metadata":{"emulator":{"name":"functions"},"function":{"name":"helloWorld"},"message":"[runtime-status] [742] Checked functions.config() {\"config\":{}}"}}
[debug] [2020-08-02T02:35:25.277Z] [runtime-status] [742] firebase-functions has been stubbed. {"functionsResolution":{"declared":true,"installed":true,"version":"3.8.0","resolution":"/Users/nestorfock/Dev/typescript/nxt-instagram/functions/node_modules/firebase-functions/lib/index.js"}} {"metadata":{"emulator":{"name":"functions"},"function":{"name":"helloWorld"},"message":"[runtime-status] [742] firebase-functions has been stubbed. {\"functionsResolution\":{\"declared\":true,\"installed\":true,\"version\":\"3.8.0\",\"resolution\":\"/Users/nestorfock/Dev/typescript/nxt-instagram/functions/node_modules/firebase-functions/lib/index.js\"}}"}}
[debug] [2020-08-02T02:35:25.277Z] [runtime-status] [742] Resolved module firebase-functions {"declared":true,"installed":true,"version":"3.8.0","resolution":"/Users/nestorfock/Dev/typescript/nxt-instagram/functions/node_modules/firebase-functions/lib/index.js"} {"metadata":{"emulator":{"name":"functions"},"function":{"name":"helloWorld"},"message":"[runtime-status] [742] Resolved module firebase-functions {\"declared\":true,\"installed\":true,\"version\":\"3.8.0\",\"resolution\":\"/Users/nestorfock/Dev/typescript/nxt-instagram/functions/node_modules/firebase-functions/lib/index.js\"}"}}
[debug] [2020-08-02T02:35:25.278Z] [runtime-status] [742] Resolved module firebase-admin {"declared":true,"installed":true,"version":"8.13.0","resolution":"/Users/nestorfock/Dev/typescript/nxt-instagram/functions/node_modules/firebase-admin/lib/index.js"} {"metadata":{"emulator":{"name":"functions"},"function":{"name":"helloWorld"},"message":"[runtime-status] [742] Resolved module firebase-admin {\"declared\":true,\"installed\":true,\"version\":\"8.13.0\",\"resolution\":\"/Users/nestorfock/Dev/typescript/nxt-instagram/functions/node_modules/firebase-admin/lib/index.js\"}"}}
[debug] [2020-08-02T02:35:25.278Z] [runtime-status] [742] Resolved module firebase-functions {"declared":true,"installed":true,"version":"3.8.0","resolution":"/Users/nestorfock/Dev/typescript/nxt-instagram/functions/node_modules/firebase-functions/lib/index.js"} {"metadata":{"emulator":{"name":"functions"},"function":{"name":"helloWorld"},"message":"[runtime-status] [742] Resolved module firebase-functions {\"declared\":true,\"installed\":true,\"version\":\"3.8.0\",\"resolution\":\"/Users/nestorfock/Dev/typescript/nxt-instagram/functions/node_modules/firebase-functions/lib/index.js\"}"}}
[debug] [2020-08-02T02:35:25.278Z] [runtime-status] [742] firebase-admin has been stubbed. {"adminResolution":{"declared":true,"installed":true,"version":"8.13.0","resolution":"/Users/nestorfock/Dev/typescript/nxt-instagram/functions/node_modules/firebase-admin/lib/index.js"}} {"metadata":{"emulator":{"name":"functions"},"function":{"name":"helloWorld"},"message":"[runtime-status] [742] firebase-admin has been stubbed. {\"adminResolution\":{\"declared\":true,\"installed\":true,\"version\":\"8.13.0\",\"resolution\":\"/Users/nestorfock/Dev/typescript/nxt-instagram/functions/node_modules/firebase-admin/lib/index.js\"}}"}}
[debug] [2020-08-02T02:35:25.280Z] [runtime-status] [742] Trigger "helloWorld" has been found, beginning invocation! {"metadata":{"emulator":{"name":"functions"},"function":{"name":"helloWorld"},"message":"[runtime-status] [742] Trigger \"helloWorld\" has been found, beginning invocation!"}}
[info] i  functions: Beginning execution of "helloWorld" {"metadata":{"emulator":{"name":"functions"},"function":{"name":"helloWorld"},"message":"Beginning execution of \"helloWorld\""}}
[debug] [2020-08-02T02:35:25.281Z] [runtime-status] [742] triggerDefinition {"httpsTrigger":{},"name":"helloWorld","entryPoint":"helloWorld"} {"metadata":{"emulator":{"name":"functions"},"function":{"name":"helloWorld"},"message":"[runtime-status] [742] triggerDefinition {\"httpsTrigger\":{},\"name\":\"helloWorld\",\"entryPoint\":\"helloWorld\"}"}}
[debug] [2020-08-02T02:35:25.281Z] [runtime-status] [742] Running helloWorld in mode HTTPS {"metadata":{"emulator":{"name":"functions"},"function":{"name":"helloWorld"},"message":"[runtime-status] [742] Running helloWorld in mode HTTPS"}}
[debug] [2020-08-02T02:35:25.284Z] [runtime-status] [742] Attempting to listen to socketPath: /tmp/fire_emu_742.sock {"metadata":{"emulator":{"name":"functions"},"function":{"name":"helloWorld"},"message":"[runtime-status] [742] Attempting to listen to socketPath: /tmp/fire_emu_742.sock"}}
[debug] [2020-08-02T02:35:25.289Z] [functions] Runtime ready! Sending request! {"metadata":{"emulator":{"name":"functions"},"message":"[functions] Runtime ready! Sending request!"}}
[debug] [2020-08-02T02:35:25.295Z] [runtime-status] [742] Ephemeral server handling GET request {"metadata":{"emulator":{"name":"functions"},"function":{"name":"helloWorld"},"message":"[runtime-status] [742] Ephemeral server handling GET request"}}
[info] >  {"structuredData":true,"severity":"INFO","message":"Hello logs!"} {"user":{"structuredData":true,"severity":"INFO","message":"Hello logs!"},"metadata":{"emulator":{"name":"functions"},"function":{"name":"helloWorld"},"message":"\u001b[90m> \u001b[39m {\"structuredData\":true,\"severity\":\"INFO\",\"message\":\"Hello logs!\"}"}}
[debug] [2020-08-02T02:35:25.302Z] [runtime-status] [742] Ephemeral server survived. {"metadata":{"emulator":{"name":"functions"},"function":{"name":"helloWorld"},"message":"[runtime-status] [742] Ephemeral server survived."}}
[info] i  functions: Finished "helloWorld" in ~1s {"metadata":{"emulator":{"name":"functions"},"function":{"name":"helloWorld"},"message":"Finished \"helloWorld\" in ~1s"}}
[debug] [2020-08-02T02:35:25.304Z] [worker-helloWorld-d092bdda-e899-4469-bffa-3fe470d8f7a9]: IDLE {"metadata":{"emulator":{"name":"functions"},"message":"[worker-helloWorld-d092bdda-e899-4469-bffa-3fe470d8f7a9]: IDLE"}}
[debug] [2020-08-02T02:35:25.304Z] [work-queue] {"queueLength":0,"workRunningCount":0}
[debug] [2020-08-02T02:35:52.247Z] [work-queue] {"queueLength":1,"workRunningCount":0}
[debug] [2020-08-02T02:35:52.247Z] [work-queue] {"queueLength":0,"workRunningCount":1}
[debug] [2020-08-02T02:35:52.248Z] Accepted request GET /nxt-instagram/us-central1/helloWorld --> helloWorld
[debug] [2020-08-02T02:35:52.248Z] [worker-pool] submitWork(triggerId=helloWorld) {"metadata":{"emulator":{"name":"functions"},"message":"[worker-pool] submitWork(triggerId=helloWorld)"}}
[debug] [2020-08-02T02:35:52.248Z] [worker-helloWorld-d092bdda-e899-4469-bffa-3fe470d8f7a9]: Assigning socketPath: /tmp/fire_emu_742.sock {"metadata":{"emulator":{"name":"functions"},"message":"[worker-helloWorld-d092bdda-e899-4469-bffa-3fe470d8f7a9]: Assigning socketPath: /tmp/fire_emu_742.sock"}}
[debug] [2020-08-02T02:35:52.248Z] [worker-helloWorld-d092bdda-e899-4469-bffa-3fe470d8f7a9]: BUSY {"metadata":{"emulator":{"name":"functions"},"message":"[worker-helloWorld-d092bdda-e899-4469-bffa-3fe470d8f7a9]: BUSY"}}
[debug] [2020-08-02T02:35:52.248Z] [runtime-status] [742] Trigger "helloWorld" has been found, beginning invocation! {"metadata":{"emulator":{"name":"functions"},"function":{"name":"helloWorld"},"message":"[runtime-status] [742] Trigger \"helloWorld\" has been found, beginning invocation!"}}
[info] i  functions: Beginning execution of "helloWorld" {"metadata":{"emulator":{"name":"functions"},"function":{"name":"helloWorld"},"message":"Beginning execution of \"helloWorld\""}}
[debug] [2020-08-02T02:35:52.249Z] [runtime-status] [742] triggerDefinition {"httpsTrigger":{},"name":"helloWorld","entryPoint":"helloWorld"} {"metadata":{"emulator":{"name":"functions"},"function":{"name":"helloWorld"},"message":"[runtime-status] [742] triggerDefinition {\"httpsTrigger\":{},\"name\":\"helloWorld\",\"entryPoint\":\"helloWorld\"}"}}
[debug] [2020-08-02T02:35:52.249Z] [runtime-status] [742] Running helloWorld in mode HTTPS {"metadata":{"emulator":{"name":"functions"},"function":{"name":"helloWorld"},"message":"[runtime-status] [742] Running helloWorld in mode HTTPS"}}
[debug] [2020-08-02T02:35:52.249Z] [runtime-status] [742] Attempting to listen to socketPath: /tmp/fire_emu_742.sock {"metadata":{"emulator":{"name":"functions"},"function":{"name":"helloWorld"},"message":"[runtime-status] [742] Attempting to listen to socketPath: /tmp/fire_emu_742.sock"}}
[debug] [2020-08-02T02:35:52.250Z] [functions] Runtime ready! Sending request! {"metadata":{"emulator":{"name":"functions"},"message":"[functions] Runtime ready! Sending request!"}}
[debug] [2020-08-02T02:35:52.254Z] [runtime-status] [742] Ephemeral server handling GET request {"metadata":{"emulator":{"name":"functions"},"function":{"name":"helloWorld"},"message":"[runtime-status] [742] Ephemeral server handling GET request"}}
[info] >  {"structuredData":true,"severity":"INFO","message":"Hello logs!"} {"user":{"structuredData":true,"severity":"INFO","message":"Hello logs!"},"metadata":{"emulator":{"name":"functions"},"function":{"name":"helloWorld"},"message":"\u001b[90m> \u001b[39m {\"structuredData\":true,\"severity\":\"INFO\",\"message\":\"Hello logs!\"}"}}
[debug] [2020-08-02T02:35:52.255Z] [runtime-status] [742] Ephemeral server survived. {"metadata":{"emulator":{"name":"functions"},"function":{"name":"helloWorld"},"message":"[runtime-status] [742] Ephemeral server survived."}}
[info] i  functions: Finished "helloWorld" in ~1s {"metadata":{"emulator":{"name":"functions"},"function":{"name":"helloWorld"},"message":"Finished \"helloWorld\" in ~1s"}}
[debug] [2020-08-02T02:35:52.256Z] [worker-helloWorld-d092bdda-e899-4469-bffa-3fe470d8f7a9]: IDLE {"metadata":{"emulator":{"name":"functions"},"message":"[worker-helloWorld-d092bdda-e899-4469-bffa-3fe470d8f7a9]: IDLE"}}
[debug] [2020-08-02T02:35:52.256Z] [work-queue] {"queueLength":0,"workRunningCount":0}
